2025-07-10 10:26:32,514 - config_manager - INFO - Configuration loaded successfully
2025-07-10 10:26:36,861 - config_manager - INFO - Configuration saved successfully
2025-07-10 10:26:36,869 - __main__ - INFO - Enhanced MAT GUI initialized successfully
2025-07-10 10:26:47,613 - config_manager - INFO - Configuration saved successfully
2025-07-10 10:26:58,482 - config_manager - INFO - Configuration saved successfully
2025-07-10 10:27:08,867 - config_manager - INFO - Configuration saved successfully
2025-07-10 10:27:20,316 - config_manager - INFO - Configuration saved successfully
2025-07-10 10:27:31,043 - config_manager - INFO - Configuration saved successfully
2025-07-10 10:27:41,896 - config_manager - INFO - Configuration saved successfully
2025-07-10 10:27:52,280 - config_manager - INFO - Configuration saved successfully
2025-07-10 10:28:03,245 - config_manager - INFO - Configuration saved successfully
2025-07-10 10:28:13,688 - config_manager - INFO - Configuration saved successfully
2025-07-10 10:28:22,899 - config_manager - INFO - Configuration saved successfully
2025-07-10 10:28:22,918 - __main__ - INFO - Application exiting
2025-07-10 10:30:19,983 - config_manager - INFO - Configuration loaded successfully
2025-07-10 10:30:20,669 - config_manager - INFO - Configuration saved successfully
2025-07-10 10:30:20,688 - __main__ - INFO - Enhanced MAT GUI initialized successfully
2025-07-10 10:30:31,891 - config_manager - INFO - Configuration saved successfully
2025-07-10 10:30:43,014 - config_manager - INFO - Configuration saved successfully
2025-07-10 10:30:50,950 - config_manager - INFO - Configuration saved successfully
2025-07-10 10:30:50,958 - __main__ - INFO - Application exiting
2025-07-10 10:31:14,632 - config_manager - INFO - Configuration loaded successfully
2025-07-10 10:31:16,730 - config_manager - INFO - Configuration saved successfully
2025-07-10 10:31:16,746 - __main__ - INFO - Enhanced MAT GUI initialized successfully
2025-07-10 10:31:27,377 - config_manager - INFO - Configuration saved successfully
2025-07-10 10:31:39,308 - config_manager - INFO - Configuration saved successfully
2025-07-10 10:31:49,899 - config_manager - INFO - Configuration saved successfully
2025-07-10 10:32:01,077 - config_manager - INFO - Configuration saved successfully
2025-07-10 10:32:04,154 - config_manager - INFO - Configuration saved successfully
2025-07-10 10:32:04,165 - __main__ - INFO - Application exiting
2025-07-10 10:32:33,089 - config_manager - INFO - Configuration loaded successfully
2025-07-10 10:32:33,846 - config_manager - INFO - Configuration saved successfully
2025-07-10 10:32:33,868 - __main__ - INFO - Enhanced MAT GUI initialized successfully
2025-07-10 10:32:38,873 - config_manager - INFO - Configuration saved successfully
2025-07-10 10:32:38,904 - __main__ - INFO - Application exiting
2025-07-10 10:44:29,312 - config_manager - INFO - Config file not found, using defaults
2025-07-10 10:44:30,285 - config_manager - INFO - Configuration saved successfully
2025-07-10 10:44:30,301 - __main__ - INFO - Enhanced MAT GUI initialized successfully
2025-07-10 10:44:36,798 - config_manager - INFO - Configuration saved successfully
2025-07-10 10:44:36,916 - __main__ - INFO - Application exiting
